2015-11-10 15:26:56 10fc InnoDB: Warning: Using innodb_additional_mem_pool_size is DEPRECATED. This option may be removed in future releases, together with the option innodb_use_sys_malloc and with the InnoDB's internal memory allocator.
2015-11-10 15:26:56 4348 [Note] InnoDB: Using mutexes to ref count buffer pool pages
2015-11-10 15:26:56 4348 [Note] InnoDB: The InnoDB memory heap is disabled
2015-11-10 15:26:56 4348 [Note] InnoDB: Mutexes and rw_locks use Windows interlocked functions
2015-11-10 15:26:56 4348 [Note] InnoDB: Memory barrier is not used
2015-11-10 15:26:56 4348 [Note] InnoDB: Compressed tables use zlib 1.2.3
2015-11-10 15:26:56 4348 [Note] InnoDB: Not using CPU crc32 instructions
2015-11-10 15:26:56 4348 [Note] InnoDB: Initializing buffer pool, size = 16.0M
2015-11-10 15:26:56 4348 [Note] InnoDB: Completed initialization of buffer pool
2015-11-10 15:26:56 4348 [Note] InnoDB: Highest supported file format is Barracuda.
2015-11-10 15:26:57 4348 [Note] InnoDB: 128 rollback segment(s) are active.
2015-11-10 15:26:57 4348 [Note] InnoDB: Waiting for purge to start
2015-11-10 15:26:57 4348 [Note] InnoDB:  Percona XtraDB (http://www.percona.com) 5.6.26-74.0 started; log sequence number 1835027
2015-11-10 15:26:57 6140 [Note] InnoDB: Dumping buffer pool(s) not yet started
2015-11-10 15:26:57 4348 [Note] Plugin 'FEEDBACK' is disabled.
2015-11-10 15:26:57 4348 [Note] Server socket created on IP: '::'.
2015-11-10 15:26:57 4348 [Note] Event Scheduler: Loaded 0 events
2015-11-10 15:26:57 4348 [Note] C:\xampp\mysql\bin\mysqld.exe: ready for connections.
Version: '10.1.8-MariaDB'  socket: ''  port: 3306  mariadb.org binary distribution
2015-11-10 15:27:11 5152 [Note] C:\xampp\mysql\bin\mysqld.exe: Normal shutdown

2015-11-10 15:27:11 5152 [Note] Event Scheduler: Purging the queue. 0 events
2015-11-10 15:27:11 5732 [Note] InnoDB: FTS optimize thread exiting.
2015-11-10 15:27:11 5152 [Note] InnoDB: Starting shutdown...
2015-11-10 15:27:13 5152 [Note] InnoDB: Shutdown completed; log sequence number 1835037
2015-11-10 15:27:13 5152 [Note] C:\xampp\mysql\bin\mysqld.exe: Shutdown complete

2016-04-23 21:17:45 137c InnoDB: Warning: Using innodb_additional_mem_pool_size is DEPRECATED. This option may be removed in future releases, together with the option innodb_use_sys_malloc and with the InnoDB's internal memory allocator.
2016-04-23 21:17:45 4988 [Note] InnoDB: Using mutexes to ref count buffer pool pages
2016-04-23 21:17:45 4988 [Note] InnoDB: The InnoDB memory heap is disabled
2016-04-23 21:17:45 4988 [Note] InnoDB: Mutexes and rw_locks use Windows interlocked functions
2016-04-23 21:17:45 4988 [Note] InnoDB: Memory barrier is not used
2016-04-23 21:17:45 4988 [Note] InnoDB: Compressed tables use zlib 1.2.3
2016-04-23 21:17:45 4988 [Note] InnoDB: Using generic crc32 instructions
2016-04-23 21:17:45 4988 [Note] InnoDB: Initializing buffer pool, size = 16.0M
2016-04-23 21:17:45 4988 [Note] InnoDB: Completed initialization of buffer pool
2016-04-23 21:17:45 4988 [Note] InnoDB: Highest supported file format is Barracuda.
2016-04-23 21:17:46 4988 [Note] InnoDB: 128 rollback segment(s) are active.
2016-04-23 21:17:46 4988 [Note] InnoDB: Waiting for purge to start
2016-04-23 21:17:46 4988 [Note] InnoDB:  Percona XtraDB (http://www.percona.com) 5.6.28-76.1 started; log sequence number 1835037
2016-04-23 21:17:46 5260 [Note] InnoDB: Dumping buffer pool(s) not yet started
2016-04-23 21:17:46 4988 [Note] Plugin 'FEEDBACK' is disabled.
2016-04-23 21:17:46 4988 [Note] Server socket created on IP: '::'.
2016-04-23 21:17:46 4988 [Note] c:\xampp\mysql\bin\mysqld.exe: ready for connections.
Version: '10.1.13-MariaDB'  socket: ''  port: 3306  mariadb.org binary distribution
2016-04-23 21:24:22 6664 [Note] InnoDB: Online DDL : Start
2016-04-23 21:24:22 6664 [Note] InnoDB: Online DDL : Start reading clustered index of the table and create temporary files
2016-04-23 21:24:22 6664 [Note] InnoDB: Online DDL : End of reading clustered index of the table and create temporary files
2016-04-23 21:24:22 6664 [Note] InnoDB: Online DDL : Completed
2016-04-23 21:31:24 1300 [Note] InnoDB: Online DDL : Start
2016-04-23 21:31:24 1300 [Note] InnoDB: Online DDL : Start reading clustered index of the table and create temporary files
2016-04-23 21:31:24 1300 [Note] InnoDB: Online DDL : End of reading clustered index of the table and create temporary files
2016-04-23 21:31:24 1300 [Note] InnoDB: Online DDL : Start applying row log
2016-04-23 21:31:24 1300 [Note] InnoDB: Online DDL : End of applying row log
2016-04-23 21:31:24 1300 [Note] InnoDB: Online DDL : Completed
2016-04-23 21:31:24 1300 [Note] InnoDB: Online DDL : Start
2016-04-23 21:31:24 1300 [Note] InnoDB: Online DDL : Start reading clustered index of the table and create temporary files
2016-04-23 21:31:24 1300 [Note] InnoDB: Online DDL : End of reading clustered index of the table and create temporary files
2016-04-23 21:31:24 1300 [Note] InnoDB: Online DDL : Start applying row log
2016-04-23 21:31:24 1300 [Note] InnoDB: Online DDL : End of applying row log
2016-04-23 21:31:24 1300 [Note] InnoDB: Online DDL : Completed
2016-04-23 21:31:24 1300 [Note] InnoDB: Online DDL : Start
2016-04-23 21:31:24 1300 [Note] InnoDB: Online DDL : Start reading clustered index of the table and create temporary files
2016-04-23 21:31:24 1300 [Note] InnoDB: Online DDL : End of reading clustered index of the table and create temporary files
2016-04-23 21:31:24 1300 [Note] InnoDB: Online DDL : Start applying row log
2016-04-23 21:31:24 1300 [Note] InnoDB: Online DDL : End of applying row log
2016-04-23 21:31:24 1300 [Note] InnoDB: Online DDL : Completed
2016-04-23 21:31:25 1300 [Note] InnoDB: Online DDL : Start
2016-04-23 21:31:25 1300 [Note] InnoDB: Online DDL : Start reading clustered index of the table and create temporary files
2016-04-23 21:31:25 1300 [Note] InnoDB: Online DDL : End of reading clustered index of the table and create temporary files
2016-04-23 21:31:25 1300 [Note] InnoDB: Online DDL : Start applying row log
2016-04-23 21:31:25 1300 [Note] InnoDB: Online DDL : End of applying row log
2016-04-23 21:31:25 1300 [Note] InnoDB: Online DDL : Completed
2016-04-23 21:31:25 1300 [Note] InnoDB: Online DDL : Start
2016-04-23 21:31:25 1300 [Note] InnoDB: Online DDL : Start reading clustered index of the table and create temporary files
2016-04-23 21:31:25 1300 [Note] InnoDB: Online DDL : End of reading clustered index of the table and create temporary files
2016-04-23 21:31:25 1300 [Note] InnoDB: Online DDL : Start applying row log
2016-04-23 21:31:25 1300 [Note] InnoDB: Online DDL : End of applying row log
2016-04-23 21:31:25 1300 [Note] InnoDB: Online DDL : Completed
2016-04-23 21:31:26 1300 [Note] InnoDB: Online DDL : Start
2016-04-23 21:31:26 1300 [Note] InnoDB: Online DDL : Start reading clustered index of the table and create temporary files
2016-04-23 21:31:26 1300 [Note] InnoDB: Online DDL : End of reading clustered index of the table and create temporary files
2016-04-23 21:31:26 1300 [Note] InnoDB: Online DDL : Start applying row log
2016-04-23 21:31:26 1300 [Note] InnoDB: Online DDL : End of applying row log
2016-04-23 21:31:26 1300 [Note] InnoDB: Online DDL : Completed
2016-04-23 21:31:26 1300 [Note] InnoDB: Online DDL : Start
2016-04-23 21:31:26 1300 [Note] InnoDB: Online DDL : Start reading clustered index of the table and create temporary files
2016-04-23 21:31:26 1300 [Note] InnoDB: Online DDL : End of reading clustered index of the table and create temporary files
2016-04-23 21:31:26 1300 [Note] InnoDB: Online DDL : Start applying row log
2016-04-23 21:31:26 1300 [Note] InnoDB: Online DDL : End of applying row log
2016-04-23 21:31:26 1300 [Note] InnoDB: Online DDL : Completed
2016-04-23 21:31:27 1300 [Note] InnoDB: Online DDL : Start
2016-04-23 21:31:27 1300 [Note] InnoDB: Online DDL : Start reading clustered index of the table and create temporary files
2016-04-23 21:31:27 1300 [Note] InnoDB: Online DDL : End of reading clustered index of the table and create temporary files
2016-04-23 21:31:27 1300 [Note] InnoDB: Online DDL : Start applying row log
2016-04-23 21:31:27 1300 [Note] InnoDB: Online DDL : End of applying row log
2016-04-23 21:31:27 1300 [Note] InnoDB: Online DDL : Completed
2016-04-23 21:31:27 1300 [Note] InnoDB: Online DDL : Start
2016-04-23 21:31:27 1300 [Note] InnoDB: Online DDL : Start reading clustered index of the table and create temporary files
2016-04-23 21:31:27 1300 [Note] InnoDB: Online DDL : End of reading clustered index of the table and create temporary files
2016-04-23 21:31:27 1300 [Note] InnoDB: Online DDL : Start applying row log
2016-04-23 21:31:27 1300 [Note] InnoDB: Online DDL : End of applying row log
2016-04-23 21:31:27 1300 [Note] InnoDB: Online DDL : Completed
2016-04-23 21:31:27 1300 [Note] InnoDB: Online DDL : Start
2016-04-23 21:31:27 1300 [Note] InnoDB: Online DDL : Start reading clustered index of the table and create temporary files
2016-04-23 21:31:27 1300 [Note] InnoDB: Online DDL : End of reading clustered index of the table and create temporary files
2016-04-23 21:31:27 1300 [Note] InnoDB: Online DDL : Start applying row log
2016-04-23 21:31:27 1300 [Note] InnoDB: Online DDL : End of applying row log
2016-04-23 21:31:27 1300 [Note] InnoDB: Online DDL : Completed
2016-04-23 21:31:27 1300 [Note] InnoDB: Online DDL : Start
2016-04-23 21:31:27 1300 [Note] InnoDB: Online DDL : Start reading clustered index of the table and create temporary files
2016-04-23 21:31:27 1300 [Note] InnoDB: Online DDL : End of reading clustered index of the table and create temporary files
2016-04-23 21:31:27 1300 [Note] InnoDB: Online DDL : Start applying row log
2016-04-23 21:31:27 1300 [Note] InnoDB: Online DDL : End of applying row log
2016-04-23 21:31:27 1300 [Note] InnoDB: Online DDL : Completed
2016-04-23 21:31:28 1300 [Note] InnoDB: Online DDL : Start
2016-04-23 21:31:28 1300 [Note] InnoDB: Online DDL : Start reading clustered index of the table and create temporary files
2016-04-23 21:31:28 1300 [Note] InnoDB: Online DDL : End of reading clustered index of the table and create temporary files
2016-04-23 21:31:28 1300 [Note] InnoDB: Online DDL : Start applying row log
2016-04-23 21:31:28 1300 [Note] InnoDB: Online DDL : End of applying row log
2016-04-23 21:31:28 1300 [Note] InnoDB: Online DDL : Completed
2016-04-23 21:31:28 1300 [Note] InnoDB: Online DDL : Start
2016-04-23 21:31:28 1300 [Note] InnoDB: Online DDL : Start reading clustered index of the table and create temporary files
2016-04-23 21:31:28 1300 [Note] InnoDB: Online DDL : End of reading clustered index of the table and create temporary files
2016-04-23 21:31:28 1300 [Note] InnoDB: Online DDL : Start applying row log
2016-04-23 21:31:28 1300 [Note] InnoDB: Online DDL : End of applying row log
2016-04-23 21:31:28 1300 [Note] InnoDB: Online DDL : Completed
2016-04-23 21:31:28 1300 [Note] InnoDB: Online DDL : Start
2016-04-23 21:31:28 1300 [Note] InnoDB: Online DDL : Start reading clustered index of the table and create temporary files
2016-04-23 21:31:28 1300 [Note] InnoDB: Online DDL : End of reading clustered index of the table and create temporary files
2016-04-23 21:31:28 1300 [Note] InnoDB: Online DDL : Start applying row log
2016-04-23 21:31:28 1300 [Note] InnoDB: Online DDL : End of applying row log
2016-04-23 21:31:28 1300 [Note] InnoDB: Online DDL : Completed
2016-04-23 21:31:28 1300 [Note] InnoDB: Online DDL : Start
2016-04-23 21:31:28 1300 [Note] InnoDB: Online DDL : Start reading clustered index of the table and create temporary files
2016-04-23 21:31:28 1300 [Note] InnoDB: Online DDL : End of reading clustered index of the table and create temporary files
2016-04-23 21:31:28 1300 [Note] InnoDB: Online DDL : Start applying row log
2016-04-23 21:31:28 1300 [Note] InnoDB: Online DDL : End of applying row log
2016-04-23 21:31:28 1300 [Note] InnoDB: Online DDL : Completed
2016-04-23 21:31:29 1300 [Note] InnoDB: Online DDL : Start
2016-04-23 21:31:29 1300 [Note] InnoDB: Online DDL : Start reading clustered index of the table and create temporary files
2016-04-23 21:31:29 1300 [Note] InnoDB: Online DDL : End of reading clustered index of the table and create temporary files
2016-04-23 21:31:29 1300 [Note] InnoDB: Online DDL : Start applying row log
2016-04-23 21:31:29 1300 [Note] InnoDB: Online DDL : End of applying row log
2016-04-23 21:31:29 1300 [Note] InnoDB: Online DDL : Completed
2016-04-23 21:31:29 1300 [Note] InnoDB: Online DDL : Start
2016-04-23 21:31:29 1300 [Note] InnoDB: Online DDL : Start reading clustered index of the table and create temporary files
2016-04-23 21:31:29 1300 [Note] InnoDB: Online DDL : End of reading clustered index of the table and create temporary files
2016-04-23 21:31:29 1300 [Note] InnoDB: Online DDL : Start applying row log
2016-04-23 21:31:29 1300 [Note] InnoDB: Online DDL : End of applying row log
2016-04-23 21:31:29 1300 [Note] InnoDB: Online DDL : Completed
2016-04-23 21:31:29 1300 [Note] InnoDB: Online DDL : Start
2016-04-23 21:31:29 1300 [Note] InnoDB: Online DDL : Start reading clustered index of the table and create temporary files
2016-04-23 21:31:29 1300 [Note] InnoDB: Online DDL : End of reading clustered index of the table and create temporary files
2016-04-23 21:31:29 1300 [Note] InnoDB: Online DDL : Start applying row log
2016-04-23 21:31:29 1300 [Note] InnoDB: Online DDL : End of applying row log
2016-04-23 21:31:29 1300 [Note] InnoDB: Online DDL : Completed
2016-04-23 21:31:29 1300 [Note] InnoDB: Online DDL : Start
2016-04-23 21:31:29 1300 [Note] InnoDB: Online DDL : Start reading clustered index of the table and create temporary files
2016-04-23 21:31:29 1300 [Note] InnoDB: Online DDL : End of reading clustered index of the table and create temporary files
2016-04-23 21:31:29 1300 [Note] InnoDB: Online DDL : Start applying row log
2016-04-23 21:31:29 1300 [Note] InnoDB: Online DDL : End of applying row log
2016-04-23 21:31:29 1300 [Note] InnoDB: Online DDL : Completed
2016-04-23 21:31:30 1300 [Note] InnoDB: Online DDL : Start
2016-04-23 21:31:30 1300 [Note] InnoDB: Online DDL : Start reading clustered index of the table and create temporary files
2016-04-23 21:31:30 1300 [Note] InnoDB: Online DDL : End of reading clustered index of the table and create temporary files
2016-04-23 21:31:30 1300 [Note] InnoDB: Online DDL : Start applying row log
2016-04-23 21:31:30 1300 [Note] InnoDB: Online DDL : End of applying row log
2016-04-23 21:31:30 1300 [Note] InnoDB: Online DDL : Completed
2016-04-23 21:31:31 1300 [Note] InnoDB: Online DDL : Start
2016-04-23 21:31:31 1300 [Note] InnoDB: Online DDL : Start reading clustered index of the table and create temporary files
2016-04-23 21:31:31 1300 [Note] InnoDB: Online DDL : End of reading clustered index of the table and create temporary files
2016-04-23 21:31:31 1300 [Note] InnoDB: Online DDL : Start applying row log
2016-04-23 21:31:31 1300 [Note] InnoDB: Online DDL : End of applying row log
2016-04-23 21:31:31 1300 [Note] InnoDB: Online DDL : Completed
2016-04-23 21:31:32 6664 [Note] InnoDB: Online DDL : Start
2016-04-23 21:31:32 6664 [Note] InnoDB: Online DDL : Start reading clustered index of the table and create temporary files
2016-04-23 21:31:32 6664 [Note] InnoDB: Online DDL : End of reading clustered index of the table and create temporary files
2016-04-23 21:31:32 6664 [Note] InnoDB: Online DDL : Start applying row log
2016-04-23 21:31:32 6664 [Note] InnoDB: Online DDL : End of applying row log
2016-04-23 21:31:32 6664 [Note] InnoDB: Online DDL : Completed
2016-04-23 21:31:32 6664 [Note] InnoDB: Online DDL : Start
2016-04-23 21:31:32 6664 [Note] InnoDB: Online DDL : Start reading clustered index of the table and create temporary files
2016-04-23 21:31:32 6664 [Note] InnoDB: Online DDL : End of reading clustered index of the table and create temporary files
2016-04-23 21:31:32 6664 [Note] InnoDB: Online DDL : Start applying row log
2016-04-23 21:31:32 6664 [Note] InnoDB: Online DDL : End of applying row log
2016-04-23 21:31:32 6664 [Note] InnoDB: Online DDL : Completed
2016-04-23 21:31:33 6664 [Note] InnoDB: Online DDL : Start
2016-04-23 21:31:33 6664 [Note] InnoDB: Online DDL : Start reading clustered index of the table and create temporary files
2016-04-23 21:31:33 6664 [Note] InnoDB: Online DDL : End of reading clustered index of the table and create temporary files
2016-04-23 21:31:33 6664 [Note] InnoDB: Online DDL : Start applying row log
2016-04-23 21:31:33 6664 [Note] InnoDB: Online DDL : End of applying row log
2016-04-23 21:31:33 6664 [Note] InnoDB: Online DDL : Completed
2016-04-23 21:31:36 6664 [Note] InnoDB: Online DDL : Start
2016-04-23 21:31:36 6664 [Note] InnoDB: Online DDL : Start reading clustered index of the table and create temporary files
2016-04-23 21:31:36 6664 [Note] InnoDB: Online DDL : End of reading clustered index of the table and create temporary files
2016-04-23 21:31:36 6664 [Note] InnoDB: Online DDL : Completed
2016-04-23 21:31:37 1300 [Note] InnoDB: Online DDL : Start
2016-04-23 21:31:37 1300 [Note] InnoDB: Online DDL : Start reading clustered index of the table and create temporary files
2016-04-23 21:31:37 1300 [Note] InnoDB: Online DDL : End of reading clustered index of the table and create temporary files
2016-04-23 21:31:37 1300 [Note] InnoDB: Online DDL : Start applying row log
2016-04-23 21:31:37 1300 [Note] InnoDB: Online DDL : End of applying row log
2016-04-23 21:31:37 1300 [Note] InnoDB: Online DDL : Completed
2016-04-23 21:31:37 1300 [Note] InnoDB: Online DDL : Start
2016-04-23 21:31:37 1300 [Note] InnoDB: Online DDL : Start reading clustered index of the table and create temporary files
2016-04-23 21:31:37 1300 [Note] InnoDB: Online DDL : End of reading clustered index of the table and create temporary files
2016-04-23 21:31:37 1300 [Note] InnoDB: Online DDL : Start applying row log
2016-04-23 21:31:37 1300 [Note] InnoDB: Online DDL : End of applying row log
2016-04-23 21:31:37 1300 [Note] InnoDB: Online DDL : Completed
2016-04-23 21:31:38 1300 [Note] InnoDB: Online DDL : Start
2016-04-23 21:31:38 1300 [Note] InnoDB: Online DDL : Start reading clustered index of the table and create temporary files
2016-04-23 21:31:38 1300 [Note] InnoDB: Online DDL : End of reading clustered index of the table and create temporary files
2016-04-23 21:31:38 1300 [Note] InnoDB: Online DDL : Start applying row log
2016-04-23 21:31:38 1300 [Note] InnoDB: Online DDL : End of applying row log
2016-04-23 21:31:38 1300 [Note] InnoDB: Online DDL : Completed
2016-04-23 21:31:38 1300 [Note] InnoDB: Online DDL : Start
2016-04-23 21:31:38 1300 [Note] InnoDB: Online DDL : Start reading clustered index of the table and create temporary files
2016-04-23 21:31:38 1300 [Note] InnoDB: Online DDL : End of reading clustered index of the table and create temporary files
2016-04-23 21:31:38 1300 [Note] InnoDB: Online DDL : Start applying row log
2016-04-23 21:31:38 1300 [Note] InnoDB: Online DDL : End of applying row log
2016-04-23 21:31:38 1300 [Note] InnoDB: Online DDL : Completed
2016-04-23 21:31:39 1300 [Note] InnoDB: Online DDL : Start
2016-04-23 21:31:39 1300 [Note] InnoDB: Online DDL : Start reading clustered index of the table and create temporary files
2016-04-23 21:31:39 1300 [Note] InnoDB: Online DDL : End of reading clustered index of the table and create temporary files
2016-04-23 21:31:39 1300 [Note] InnoDB: Online DDL : Start applying row log
2016-04-23 21:31:39 1300 [Note] InnoDB: Online DDL : End of applying row log
2016-04-23 21:31:39 1300 [Note] InnoDB: Online DDL : Completed
2016-04-23 21:31:39 1300 [Note] InnoDB: Online DDL : Start
2016-04-23 21:31:39 1300 [Note] InnoDB: Online DDL : Start reading clustered index of the table and create temporary files
2016-04-23 21:31:39 1300 [Note] InnoDB: Online DDL : End of reading clustered index of the table and create temporary files
2016-04-23 21:31:39 1300 [Note] InnoDB: Online DDL : Start applying row log
2016-04-23 21:31:39 1300 [Note] InnoDB: Online DDL : End of applying row log
2016-04-23 21:31:39 1300 [Note] InnoDB: Online DDL : Completed
2016-04-23 21:31:39 1300 [Note] InnoDB: Online DDL : Start
2016-04-23 21:31:39 1300 [Note] InnoDB: Online DDL : Start reading clustered index of the table and create temporary files
2016-04-23 21:31:39 1300 [Note] InnoDB: Online DDL : End of reading clustered index of the table and create temporary files
2016-04-23 21:31:39 1300 [Note] InnoDB: Online DDL : Start applying row log
2016-04-23 21:31:39 1300 [Note] InnoDB: Online DDL : End of applying row log
2016-04-23 21:31:39 1300 [Note] InnoDB: Online DDL : Completed
2016-04-23 21:31:40 1300 [Note] InnoDB: Online DDL : Start
2016-04-23 21:31:40 1300 [Note] InnoDB: Online DDL : Start reading clustered index of the table and create temporary files
2016-04-23 21:31:40 1300 [Note] InnoDB: Online DDL : End of reading clustered index of the table and create temporary files
2016-04-23 21:31:40 1300 [Note] InnoDB: Online DDL : Start applying row log
2016-04-23 21:31:40 1300 [Note] InnoDB: Online DDL : End of applying row log
2016-04-23 21:31:40 1300 [Note] InnoDB: Online DDL : Completed
2016-04-23 21:31:41 1300 [Note] InnoDB: Online DDL : Start
2016-04-23 21:31:41 1300 [Note] InnoDB: Online DDL : Start reading clustered index of the table and create temporary files
2016-04-23 21:31:41 1300 [Note] InnoDB: Online DDL : End of reading clustered index of the table and create temporary files
2016-04-23 21:31:41 1300 [Note] InnoDB: Online DDL : Start applying row log
2016-04-23 21:31:41 1300 [Note] InnoDB: Online DDL : End of applying row log
2016-04-23 21:31:41 1300 [Note] InnoDB: Online DDL : Completed
2016-04-23 21:31:41 1300 [Note] InnoDB: Online DDL : Start
2016-04-23 21:31:41 1300 [Note] InnoDB: Online DDL : Start reading clustered index of the table and create temporary files
2016-04-23 21:31:41 1300 [Note] InnoDB: Online DDL : End of reading clustered index of the table and create temporary files
2016-04-23 21:31:41 1300 [Note] InnoDB: Online DDL : Start applying row log
2016-04-23 21:31:41 1300 [Note] InnoDB: Online DDL : End of applying row log
2016-04-23 21:31:41 1300 [Note] InnoDB: Online DDL : Completed
2016-04-23 21:31:41 1300 [Note] InnoDB: Online DDL : Start
2016-04-23 21:31:41 1300 [Note] InnoDB: Online DDL : Start reading clustered index of the table and create temporary files
2016-04-23 21:31:41 1300 [Note] InnoDB: Online DDL : End of reading clustered index of the table and create temporary files
2016-04-23 21:31:41 1300 [Note] InnoDB: Online DDL : Start applying row log
2016-04-23 21:31:41 1300 [Note] InnoDB: Online DDL : End of applying row log
2016-04-23 21:31:41 1300 [Note] InnoDB: Online DDL : Completed
2016-04-23 21:31:42 1300 [Note] InnoDB: Online DDL : Start
2016-04-23 21:31:42 1300 [Note] InnoDB: Online DDL : Start reading clustered index of the table and create temporary files
2016-04-23 21:31:42 1300 [Note] InnoDB: Online DDL : End of reading clustered index of the table and create temporary files
2016-04-23 21:31:42 1300 [Note] InnoDB: Online DDL : Start applying row log
2016-04-23 21:31:42 1300 [Note] InnoDB: Online DDL : End of applying row log
2016-04-23 21:31:42 1300 [Note] InnoDB: Online DDL : Completed
2016-04-23 21:31:42 1300 [Note] InnoDB: Online DDL : Start
2016-04-23 21:31:42 1300 [Note] InnoDB: Online DDL : Start reading clustered index of the table and create temporary files
2016-04-23 21:31:42 1300 [Note] InnoDB: Online DDL : End of reading clustered index of the table and create temporary files
2016-04-23 21:31:42 1300 [Note] InnoDB: Online DDL : Start applying row log
2016-04-23 21:31:42 1300 [Note] InnoDB: Online DDL : End of applying row log
2016-04-23 21:31:42 1300 [Note] InnoDB: Online DDL : Completed
2016-04-23 21:31:43 1300 [Note] InnoDB: Online DDL : Start
2016-04-23 21:31:43 1300 [Note] InnoDB: Online DDL : Start reading clustered index of the table and create temporary files
2016-04-23 21:31:43 1300 [Note] InnoDB: Online DDL : End of reading clustered index of the table and create temporary files
2016-04-23 21:31:43 1300 [Note] InnoDB: Online DDL : Start applying row log
2016-04-23 21:31:43 1300 [Note] InnoDB: Online DDL : End of applying row log
2016-04-23 21:31:43 1300 [Note] InnoDB: Online DDL : Completed
2016-04-23 21:31:43 1300 [Note] InnoDB: Online DDL : Start
2016-04-23 21:31:43 1300 [Note] InnoDB: Online DDL : Start reading clustered index of the table and create temporary files
2016-04-23 21:31:43 1300 [Note] InnoDB: Online DDL : End of reading clustered index of the table and create temporary files
2016-04-23 21:31:43 1300 [Note] InnoDB: Online DDL : Start applying row log
2016-04-23 21:31:43 1300 [Note] InnoDB: Online DDL : End of applying row log
2016-04-23 21:31:43 1300 [Note] InnoDB: Online DDL : Completed
2016-04-23 21:31:43 1300 [Note] InnoDB: Online DDL : Start
2016-04-23 21:31:43 1300 [Note] InnoDB: Online DDL : Start reading clustered index of the table and create temporary files
2016-04-23 21:31:43 1300 [Note] InnoDB: Online DDL : End of reading clustered index of the table and create temporary files
2016-04-23 21:31:43 1300 [Note] InnoDB: Online DDL : Start applying row log
2016-04-23 21:31:43 1300 [Note] InnoDB: Online DDL : End of applying row log
2016-04-23 21:31:43 1300 [Note] InnoDB: Online DDL : Completed
2016-04-23 21:31:43 1300 [Note] InnoDB: Online DDL : Start
2016-04-23 21:31:43 1300 [Note] InnoDB: Online DDL : Start reading clustered index of the table and create temporary files
2016-04-23 21:31:43 1300 [Note] InnoDB: Online DDL : End of reading clustered index of the table and create temporary files
2016-04-23 21:31:43 1300 [Note] InnoDB: Online DDL : Start applying row log
2016-04-23 21:31:43 1300 [Note] InnoDB: Online DDL : End of applying row log
2016-04-23 21:31:43 1300 [Note] InnoDB: Online DDL : Completed
2016-04-23 21:31:44 1300 [Note] InnoDB: Online DDL : Start
2016-04-23 21:31:44 1300 [Note] InnoDB: Online DDL : Start reading clustered index of the table and create temporary files
2016-04-23 21:31:44 1300 [Note] InnoDB: Online DDL : End of reading clustered index of the table and create temporary files
2016-04-23 21:31:44 1300 [Note] InnoDB: Online DDL : Start applying row log
2016-04-23 21:31:44 1300 [Note] InnoDB: Online DDL : End of applying row log
2016-04-23 21:31:44 1300 [Note] InnoDB: Online DDL : Completed
2016-04-23 21:31:45 6664 [Note] InnoDB: Online DDL : Start
2016-04-23 21:31:45 6664 [Note] InnoDB: Online DDL : Start reading clustered index of the table and create temporary files
2016-04-23 21:31:45 6664 [Note] InnoDB: Online DDL : End of reading clustered index of the table and create temporary files
2016-04-23 21:31:45 6664 [Note] InnoDB: Online DDL : Start applying row log
2016-04-23 21:31:45 6664 [Note] InnoDB: Online DDL : End of applying row log
2016-04-23 21:31:45 6664 [Note] InnoDB: Online DDL : Completed
2016-04-23 21:31:45 6664 [Note] InnoDB: Online DDL : Start
2016-04-23 21:31:45 6664 [Note] InnoDB: Online DDL : Start reading clustered index of the table and create temporary files
2016-04-23 21:31:45 6664 [Note] InnoDB: Online DDL : End of reading clustered index of the table and create temporary files
2016-04-23 21:31:45 6664 [Note] InnoDB: Online DDL : Start applying row log
2016-04-23 21:31:45 6664 [Note] InnoDB: Online DDL : End of applying row log
2016-04-23 21:31:45 6664 [Note] InnoDB: Online DDL : Completed
2016-04-23 21:31:45 6664 [Note] InnoDB: Online DDL : Start
2016-04-23 21:31:45 6664 [Note] InnoDB: Online DDL : Start reading clustered index of the table and create temporary files
2016-04-23 21:31:45 6664 [Note] InnoDB: Online DDL : End of reading clustered index of the table and create temporary files
2016-04-23 21:31:45 6664 [Note] InnoDB: Online DDL : Start applying row log
2016-04-23 21:31:45 6664 [Note] InnoDB: Online DDL : End of applying row log
2016-04-23 21:31:45 6664 [Note] InnoDB: Online DDL : Completed
2016-04-23 21:31:46 6664 [Note] InnoDB: Online DDL : Start
2016-04-23 21:31:46 6664 [Note] InnoDB: Online DDL : Start reading clustered index of the table and create temporary files
2016-04-23 21:31:46 6664 [Note] InnoDB: Online DDL : End of reading clustered index of the table and create temporary files
2016-04-23 21:31:46 6664 [Note] InnoDB: Online DDL : Start applying row log
2016-04-23 21:31:46 6664 [Note] InnoDB: Online DDL : End of applying row log
2016-04-23 21:31:46 6664 [Note] InnoDB: Online DDL : Completed
2016-04-23 21:31:46 6664 [Note] InnoDB: Online DDL : Start
2016-04-23 21:31:46 6664 [Note] InnoDB: Online DDL : Start reading clustered index of the table and create temporary files
2016-04-23 21:31:46 6664 [Note] InnoDB: Online DDL : End of reading clustered index of the table and create temporary files
2016-04-23 21:31:46 6664 [Note] InnoDB: Online DDL : Start applying row log
2016-04-23 21:31:46 6664 [Note] InnoDB: Online DDL : End of applying row log
2016-04-23 21:31:46 6664 [Note] InnoDB: Online DDL : Completed
2016-04-23 21:31:47 6664 [Note] InnoDB: Online DDL : Start
2016-04-23 21:31:47 6664 [Note] InnoDB: Online DDL : Start reading clustered index of the table and create temporary files
2016-04-23 21:31:47 6664 [Note] InnoDB: Online DDL : End of reading clustered index of the table and create temporary files
2016-04-23 21:31:47 6664 [Note] InnoDB: Online DDL : Start applying row log
2016-04-23 21:31:47 6664 [Note] InnoDB: Online DDL : End of applying row log
2016-04-23 21:31:47 6664 [Note] InnoDB: Online DDL : Completed
2016-04-23 21:31:47 6664 [Note] InnoDB: Online DDL : Start
2016-04-23 21:31:47 6664 [Note] InnoDB: Online DDL : Start reading clustered index of the table and create temporary files
2016-04-23 21:31:47 6664 [Note] InnoDB: Online DDL : End of reading clustered index of the table and create temporary files
2016-04-23 21:31:47 6664 [Note] InnoDB: Online DDL : Start applying row log
2016-04-23 21:31:47 6664 [Note] InnoDB: Online DDL : End of applying row log
2016-04-23 21:31:47 6664 [Note] InnoDB: Online DDL : Completed
2016-04-23 21:31:48 6664 [Note] InnoDB: Online DDL : Start
2016-04-23 21:31:48 6664 [Note] InnoDB: Online DDL : Start reading clustered index of the table and create temporary files
2016-04-23 21:31:48 6664 [Note] InnoDB: Online DDL : End of reading clustered index of the table and create temporary files
2016-04-23 21:31:48 6664 [Note] InnoDB: Online DDL : Start applying row log
2016-04-23 21:31:48 6664 [Note] InnoDB: Online DDL : End of applying row log
2016-04-23 21:31:48 6664 [Note] InnoDB: Online DDL : Completed
2016-04-23 21:31:49 6664 [Note] InnoDB: Online DDL : Start
2016-04-23 21:31:49 6664 [Note] InnoDB: Online DDL : Start reading clustered index of the table and create temporary files
2016-04-23 21:31:49 6664 [Note] InnoDB: Online DDL : End of reading clustered index of the table and create temporary files
2016-04-23 21:31:49 6664 [Note] InnoDB: Online DDL : Start applying row log
2016-04-23 21:31:49 6664 [Note] InnoDB: Online DDL : End of applying row log
2016-04-23 21:31:49 6664 [Note] InnoDB: Online DDL : Completed
2016-04-23 21:31:49 6664 [Note] InnoDB: Online DDL : Start
2016-04-23 21:31:49 6664 [Note] InnoDB: Online DDL : Start reading clustered index of the table and create temporary files
2016-04-23 21:31:49 6664 [Note] InnoDB: Online DDL : End of reading clustered index of the table and create temporary files
2016-04-23 21:31:49 6664 [Note] InnoDB: Online DDL : Start applying row log
2016-04-23 21:31:49 6664 [Note] InnoDB: Online DDL : End of applying row log
2016-04-23 21:31:49 6664 [Note] InnoDB: Online DDL : Completed
2016-04-23 21:31:49 6664 [Note] InnoDB: Online DDL : Start
2016-04-23 21:31:49 6664 [Note] InnoDB: Online DDL : Start reading clustered index of the table and create temporary files
2016-04-23 21:31:49 6664 [Note] InnoDB: Online DDL : End of reading clustered index of the table and create temporary files
2016-04-23 21:31:49 6664 [Note] InnoDB: Online DDL : Start applying row log
2016-04-23 21:31:49 6664 [Note] InnoDB: Online DDL : End of applying row log
2016-04-23 21:31:49 6664 [Note] InnoDB: Online DDL : Completed
2016-04-23 21:31:50 6664 [Note] InnoDB: Online DDL : Start
2016-04-23 21:31:50 6664 [Note] InnoDB: Online DDL : Start reading clustered index of the table and create temporary files
2016-04-23 21:31:50 6664 [Note] InnoDB: Online DDL : End of reading clustered index of the table and create temporary files
2016-04-23 21:31:50 6664 [Note] InnoDB: Online DDL : Start applying row log
2016-04-23 21:31:50 6664 [Note] InnoDB: Online DDL : End of applying row log
2016-04-23 21:31:50 6664 [Note] InnoDB: Online DDL : Completed
2016-04-23 21:31:50 6664 [Note] InnoDB: Online DDL : Start
2016-04-23 21:31:50 6664 [Note] InnoDB: Online DDL : Start reading clustered index of the table and create temporary files
2016-04-23 21:31:50 6664 [Note] InnoDB: Online DDL : End of reading clustered index of the table and create temporary files
2016-04-23 21:31:50 6664 [Note] InnoDB: Online DDL : Start applying row log
2016-04-23 21:31:50 6664 [Note] InnoDB: Online DDL : End of applying row log
2016-04-23 21:31:50 6664 [Note] InnoDB: Online DDL : Completed
2016-04-23 21:31:51 6664 [Note] InnoDB: Online DDL : Start
2016-04-23 21:31:51 6664 [Note] InnoDB: Online DDL : Start reading clustered index of the table and create temporary files
2016-04-23 21:31:51 6664 [Note] InnoDB: Online DDL : End of reading clustered index of the table and create temporary files
2016-04-23 21:31:51 6664 [Note] InnoDB: Online DDL : Start applying row log
2016-04-23 21:31:51 6664 [Note] InnoDB: Online DDL : End of applying row log
2016-04-23 21:31:51 6664 [Note] InnoDB: Online DDL : Completed
2016-04-23 21:31:52 6664 [Note] InnoDB: Online DDL : Start
2016-04-23 21:31:52 6664 [Note] InnoDB: Online DDL : Start reading clustered index of the table and create temporary files
2016-04-23 21:31:52 6664 [Note] InnoDB: Online DDL : End of reading clustered index of the table and create temporary files
2016-04-23 21:31:52 6664 [Note] InnoDB: Online DDL : Start applying row log
2016-04-23 21:31:52 6664 [Note] InnoDB: Online DDL : End of applying row log
2016-04-23 21:31:52 6664 [Note] InnoDB: Online DDL : Completed
2016-04-23 21:31:53 6664 [Note] InnoDB: Online DDL : Start
2016-04-23 21:31:53 6664 [Note] InnoDB: Online DDL : Start reading clustered index of the table and create temporary files
2016-04-23 21:31:53 6664 [Note] InnoDB: Online DDL : End of reading clustered index of the table and create temporary files
2016-04-23 21:31:53 6664 [Note] InnoDB: Online DDL : Start applying row log
2016-04-23 21:31:53 6664 [Note] InnoDB: Online DDL : End of applying row log
2016-04-23 21:31:53 6664 [Note] InnoDB: Online DDL : Completed
2016-04-23 21:31:53 984 [Note] InnoDB: Online DDL : Start
2016-04-23 21:31:53 984 [Note] InnoDB: Online DDL : Start reading clustered index of the table and create temporary files
2016-04-23 21:31:53 984 [Note] InnoDB: Online DDL : End of reading clustered index of the table and create temporary files
2016-04-23 21:31:53 984 [Note] InnoDB: Online DDL : Start applying row log
2016-04-23 21:31:53 984 [Note] InnoDB: Online DDL : End of applying row log
2016-04-23 21:31:53 984 [Note] InnoDB: Online DDL : Completed
2016-04-23 21:31:53 984 [Note] InnoDB: Online DDL : Start
2016-04-23 21:31:53 984 [Note] InnoDB: Online DDL : Start reading clustered index of the table and create temporary files
2016-04-23 21:31:53 984 [Note] InnoDB: Online DDL : End of reading clustered index of the table and create temporary files
2016-04-23 21:31:53 984 [Note] InnoDB: Online DDL : Start applying row log
2016-04-23 21:31:53 984 [Note] InnoDB: Online DDL : End of applying row log
2016-04-23 21:31:53 984 [Note] InnoDB: Online DDL : Completed
2016-04-23 21:31:54 984 [Note] InnoDB: Online DDL : Start
2016-04-23 21:31:54 984 [Note] InnoDB: Online DDL : Start reading clustered index of the table and create temporary files
2016-04-23 21:31:54 984 [Note] InnoDB: Online DDL : End of reading clustered index of the table and create temporary files
2016-04-23 21:31:54 984 [Note] InnoDB: Online DDL : Start applying row log
2016-04-23 21:31:54 984 [Note] InnoDB: Online DDL : End of applying row log
2016-04-23 21:31:54 984 [Note] InnoDB: Online DDL : Completed
2016-04-23 21:31:55 984 [Note] InnoDB: Online DDL : Start
2016-04-23 21:31:55 984 [Note] InnoDB: Online DDL : Start reading clustered index of the table and create temporary files
2016-04-23 21:31:55 984 [Note] InnoDB: Online DDL : End of reading clustered index of the table and create temporary files
2016-04-23 21:31:55 984 [Note] InnoDB: Online DDL : Start applying row log
2016-04-23 21:31:55 984 [Note] InnoDB: Online DDL : End of applying row log
2016-04-23 21:31:55 984 [Note] InnoDB: Online DDL : Completed
2016-04-23 21:31:55 984 [Note] InnoDB: Online DDL : Start
2016-04-23 21:31:55 984 [Note] InnoDB: Online DDL : Start reading clustered index of the table and create temporary files
2016-04-23 21:31:55 984 [Note] InnoDB: Online DDL : End of reading clustered index of the table and create temporary files
2016-04-23 21:31:55 984 [Note] InnoDB: Online DDL : Start applying row log
2016-04-23 21:31:55 984 [Note] InnoDB: Online DDL : End of applying row log
2016-04-23 21:31:55 984 [Note] InnoDB: Online DDL : Completed
2016-04-23 21:31:56 984 [Note] InnoDB: Online DDL : Start
2016-04-23 21:31:56 984 [Note] InnoDB: Online DDL : Start reading clustered index of the table and create temporary files
2016-04-23 21:31:56 984 [Note] InnoDB: Online DDL : End of reading clustered index of the table and create temporary files
2016-04-23 21:31:56 984 [Note] InnoDB: Online DDL : Start applying row log
2016-04-23 21:31:56 984 [Note] InnoDB: Online DDL : End of applying row log
2016-04-23 21:31:56 984 [Note] InnoDB: Online DDL : Completed
2016-04-23 21:31:56 984 [Note] InnoDB: Online DDL : Start
2016-04-23 21:31:56 984 [Note] InnoDB: Online DDL : Start reading clustered index of the table and create temporary files
2016-04-23 21:31:56 984 [Note] InnoDB: Online DDL : End of reading clustered index of the table and create temporary files
2016-04-23 21:31:56 984 [Note] InnoDB: Online DDL : Start applying row log
2016-04-23 21:31:56 984 [Note] InnoDB: Online DDL : End of applying row log
2016-04-23 21:31:56 984 [Note] InnoDB: Online DDL : Completed
2016-04-23 21:31:57 984 [Note] InnoDB: Online DDL : Start
2016-04-23 21:31:57 984 [Note] InnoDB: Online DDL : Start reading clustered index of the table and create temporary files
2016-04-23 21:31:57 984 [Note] InnoDB: Online DDL : End of reading clustered index of the table and create temporary files
2016-04-23 21:31:57 984 [Note] InnoDB: Online DDL : Start applying row log
2016-04-23 21:31:57 984 [Note] InnoDB: Online DDL : End of applying row log
2016-04-23 21:31:57 984 [Note] InnoDB: Online DDL : Completed
2016-04-23 21:31:57 984 [Note] InnoDB: Online DDL : Start
2016-04-23 21:31:57 984 [Note] InnoDB: Online DDL : Start reading clustered index of the table and create temporary files
2016-04-23 21:31:57 984 [Note] InnoDB: Online DDL : End of reading clustered index of the table and create temporary files
2016-04-23 21:31:57 984 [Note] InnoDB: Online DDL : Start applying row log
2016-04-23 21:31:57 984 [Note] InnoDB: Online DDL : End of applying row log
2016-04-23 21:31:57 984 [Note] InnoDB: Online DDL : Completed
2016-04-23 21:31:58 984 [Note] InnoDB: Online DDL : Start
2016-04-23 21:31:58 984 [Note] InnoDB: Online DDL : Start reading clustered index of the table and create temporary files
2016-04-23 21:31:58 984 [Note] InnoDB: Online DDL : End of reading clustered index of the table and create temporary files
2016-04-23 21:31:58 984 [Note] InnoDB: Online DDL : Start applying row log
2016-04-23 21:31:58 984 [Note] InnoDB: Online DDL : End of applying row log
2016-04-23 21:31:58 984 [Note] InnoDB: Online DDL : Completed
2016-04-23 21:31:58 1300 [Note] InnoDB: Online DDL : Start
2016-04-23 21:31:58 1300 [Note] InnoDB: Online DDL : Start reading clustered index of the table and create temporary files
2016-04-23 21:31:58 1300 [Note] InnoDB: Online DDL : End of reading clustered index of the table and create temporary files
2016-04-23 21:31:58 1300 [Note] InnoDB: Online DDL : Start applying row log
2016-04-23 21:31:58 1300 [Note] InnoDB: Online DDL : End of applying row log
2016-04-23 21:31:58 1300 [Note] InnoDB: Online DDL : Completed
2016-04-23 21:31:59 984 [Note] InnoDB: Online DDL : Start
2016-04-23 21:31:59 984 [Note] InnoDB: Online DDL : Start reading clustered index of the table and create temporary files
2016-04-23 21:31:59 984 [Note] InnoDB: Online DDL : End of reading clustered index of the table and create temporary files
2016-04-23 21:31:59 984 [Note] InnoDB: Online DDL : Start applying row log
2016-04-23 21:31:59 984 [Note] InnoDB: Online DDL : End of applying row log
2016-04-23 21:31:59 984 [Note] InnoDB: Online DDL : Completed
2016-04-23 21:31:59 984 [Note] InnoDB: Online DDL : Start
2016-04-23 21:31:59 984 [Note] InnoDB: Online DDL : Start reading clustered index of the table and create temporary files
2016-04-23 21:31:59 984 [Note] InnoDB: Online DDL : End of reading clustered index of the table and create temporary files
2016-04-23 21:31:59 984 [Note] InnoDB: Online DDL : Start applying row log
2016-04-23 21:31:59 984 [Note] InnoDB: Online DDL : End of applying row log
2016-04-23 21:31:59 984 [Note] InnoDB: Online DDL : Completed
2016-04-23 21:32:00 984 [Note] InnoDB: Online DDL : Start
2016-04-23 21:32:00 984 [Note] InnoDB: Online DDL : Start reading clustered index of the table and create temporary files
2016-04-23 21:32:00 984 [Note] InnoDB: Online DDL : End of reading clustered index of the table and create temporary files
2016-04-23 21:32:00 984 [Note] InnoDB: Online DDL : Start applying row log
2016-04-23 21:32:00 984 [Note] InnoDB: Online DDL : End of applying row log
2016-04-23 21:32:00 984 [Note] InnoDB: Online DDL : Completed
2016-04-23 21:32:01 1300 [Note] InnoDB: Online DDL : Start
2016-04-23 21:32:01 1300 [Note] InnoDB: Online DDL : Start reading clustered index of the table and create temporary files
2016-04-23 21:32:01 1300 [Note] InnoDB: Online DDL : End of reading clustered index of the table and create temporary files
2016-04-23 21:32:01 1300 [Note] InnoDB: Online DDL : Start applying row log
2016-04-23 21:32:01 1300 [Note] InnoDB: Online DDL : End of applying row log
2016-04-23 21:32:01 1300 [Note] InnoDB: Online DDL : Completed
2016-04-23 21:32:01 1300 [Note] InnoDB: Online DDL : Start
2016-04-23 21:32:01 1300 [Note] InnoDB: Online DDL : Start reading clustered index of the table and create temporary files
2016-04-23 21:32:01 1300 [Note] InnoDB: Online DDL : End of reading clustered index of the table and create temporary files
2016-04-23 21:32:01 1300 [Note] InnoDB: Online DDL : Start applying row log
2016-04-23 21:32:01 1300 [Note] InnoDB: Online DDL : End of applying row log
2016-04-23 21:32:01 1300 [Note] InnoDB: Online DDL : Completed
2016-04-23 21:32:03 6664 [Note] InnoDB: Online DDL : Start
2016-04-23 21:32:03 6664 [Note] InnoDB: Online DDL : Start reading clustered index of the table and create temporary files
2016-04-23 21:32:03 6664 [Note] InnoDB: Online DDL : End of reading clustered index of the table and create temporary files
2016-04-23 21:32:03 6664 [Note] InnoDB: Online DDL : Start applying row log
2016-04-23 21:32:03 6664 [Note] InnoDB: Online DDL : End of applying row log
2016-04-23 21:32:03 6664 [Note] InnoDB: Online DDL : Completed
2016-04-23 21:32:03 6664 [Note] InnoDB: Online DDL : Start
2016-04-23 21:32:03 6664 [Note] InnoDB: Online DDL : Start reading clustered index of the table and create temporary files
2016-04-23 21:32:03 6664 [Note] InnoDB: Online DDL : End of reading clustered index of the table and create temporary files
2016-04-23 21:32:03 6664 [Note] InnoDB: Online DDL : Start applying row log
2016-04-23 21:32:03 6664 [Note] InnoDB: Online DDL : End of applying row log
2016-04-23 21:32:03 6664 [Note] InnoDB: Online DDL : Completed
2016-04-23 21:32:05 6664 [Note] InnoDB: Online DDL : Start
2016-04-23 21:32:05 6664 [Note] InnoDB: Online DDL : Start reading clustered index of the table and create temporary files
2016-04-23 21:32:05 6664 [Note] InnoDB: Online DDL : End of reading clustered index of the table and create temporary files
2016-04-23 21:32:05 6664 [Note] InnoDB: Online DDL : Start applying row log
2016-04-23 21:32:05 6664 [Note] InnoDB: Online DDL : End of applying row log
2016-04-23 21:32:05 6664 [Note] InnoDB: Online DDL : Completed
2016-04-23 21:32:05 6664 [Note] InnoDB: Online DDL : Start
2016-04-23 21:32:05 6664 [Note] InnoDB: Online DDL : Start reading clustered index of the table and create temporary files
2016-04-23 21:32:05 6664 [Note] InnoDB: Online DDL : End of reading clustered index of the table and create temporary files
2016-04-23 21:32:05 6664 [Note] InnoDB: Online DDL : Start applying row log
2016-04-23 21:32:05 6664 [Note] InnoDB: Online DDL : End of applying row log
2016-04-23 21:32:05 6664 [Note] InnoDB: Online DDL : Completed
2016-04-23 21:32:06 6664 [Note] InnoDB: Online DDL : Start
2016-04-23 21:32:06 6664 [Note] InnoDB: Online DDL : Start reading clustered index of the table and create temporary files
2016-04-23 21:32:06 6664 [Note] InnoDB: Online DDL : End of reading clustered index of the table and create temporary files
2016-04-23 21:32:06 6664 [Note] InnoDB: Online DDL : Start applying row log
2016-04-23 21:32:06 6664 [Note] InnoDB: Online DDL : End of applying row log
2016-04-23 21:32:06 6664 [Note] InnoDB: Online DDL : Completed
2016-04-23 21:32:06 6664 [Note] InnoDB: Online DDL : Start
2016-04-23 21:32:06 6664 [Note] InnoDB: Online DDL : Start reading clustered index of the table and create temporary files
2016-04-23 21:32:06 6664 [Note] InnoDB: Online DDL : End of reading clustered index of the table and create temporary files
2016-04-23 21:32:06 6664 [Note] InnoDB: Online DDL : Start applying row log
2016-04-23 21:32:06 6664 [Note] InnoDB: Online DDL : End of applying row log
2016-04-23 21:32:06 6664 [Note] InnoDB: Online DDL : Completed
2016-04-23 21:32:07 6664 [Note] InnoDB: Online DDL : Start
2016-04-23 21:32:07 6664 [Note] InnoDB: Online DDL : Start reading clustered index of the table and create temporary files
2016-04-23 21:32:07 6664 [Note] InnoDB: Online DDL : End of reading clustered index of the table and create temporary files
2016-04-23 21:32:07 6664 [Note] InnoDB: Online DDL : Completed
2016-04-23 21:32:07 6664 [Note] InnoDB: Online DDL : Completed
2016-04-23 21:32:07 6664 [Note] InnoDB: Online DDL : Completed
2016-04-23 21:32:07 6664 [Note] InnoDB: Online DDL : Start
2016-04-23 21:32:07 6664 [Note] InnoDB: Online DDL : Start reading clustered index of the table and create temporary files
2016-04-23 21:32:07 6664 [Note] InnoDB: Online DDL : End of reading clustered index of the table and create temporary files
2016-04-23 21:32:07 6664 [Note] InnoDB: Online DDL : Start applying row log
2016-04-23 21:32:07 6664 [Note] InnoDB: Online DDL : End of applying row log
2016-04-23 21:32:07 6664 [Note] InnoDB: Online DDL : Completed
2016-04-23 21:32:08 6664 [Note] InnoDB: Online DDL : Start
2016-04-23 21:32:08 6664 [Note] InnoDB: Online DDL : Start reading clustered index of the table and create temporary files
2016-04-23 21:32:08 6664 [Note] InnoDB: Online DDL : End of reading clustered index of the table and create temporary files
2016-04-23 21:32:08 6664 [Note] InnoDB: Online DDL : Start applying row log
2016-04-23 21:32:08 6664 [Note] InnoDB: Online DDL : End of applying row log
2016-04-23 21:32:08 6664 [Note] InnoDB: Online DDL : Completed
2016-04-23 21:32:08 6664 [Note] InnoDB: Online DDL : Start
2016-04-23 21:32:08 6664 [Note] InnoDB: Online DDL : Start reading clustered index of the table and create temporary files
2016-04-23 21:32:08 6664 [Note] InnoDB: Online DDL : End of reading clustered index of the table and create temporary files
2016-04-23 21:32:08 6664 [Note] InnoDB: Online DDL : Start applying row log
2016-04-23 21:32:08 6664 [Note] InnoDB: Online DDL : End of applying row log
2016-04-23 21:32:08 6664 [Note] InnoDB: Online DDL : Completed
2016-04-23 21:32:09 6664 [Note] InnoDB: Online DDL : Start
2016-04-23 21:32:09 6664 [Note] InnoDB: Online DDL : Start reading clustered index of the table and create temporary files
2016-04-23 21:32:09 6664 [Note] InnoDB: Online DDL : End of reading clustered index of the table and create temporary files
2016-04-23 21:32:09 6664 [Note] InnoDB: Online DDL : Start applying row log
2016-04-23 21:32:09 6664 [Note] InnoDB: Online DDL : End of applying row log
2016-04-23 21:32:09 6664 [Note] InnoDB: Online DDL : Completed
2016-04-23 21:32:10 6664 [Note] InnoDB: Online DDL : Start
2016-04-23 21:32:10 6664 [Note] InnoDB: Online DDL : Start reading clustered index of the table and create temporary files
2016-04-23 21:32:10 6664 [Note] InnoDB: Online DDL : End of reading clustered index of the table and create temporary files
2016-04-23 21:32:10 6664 [Note] InnoDB: Online DDL : Start applying row log
2016-04-23 21:32:10 6664 [Note] InnoDB: Online DDL : End of applying row log
2016-04-23 21:32:10 6664 [Note] InnoDB: Online DDL : Completed
2016-04-23 21:32:10 6664 [Note] InnoDB: Online DDL : Start
2016-04-23 21:32:10 6664 [Note] InnoDB: Online DDL : Start reading clustered index of the table and create temporary files
2016-04-23 21:32:10 6664 [Note] InnoDB: Online DDL : End of reading clustered index of the table and create temporary files
2016-04-23 21:32:10 6664 [Note] InnoDB: Online DDL : Start applying row log
2016-04-23 21:32:10 6664 [Note] InnoDB: Online DDL : End of applying row log
2016-04-23 21:32:10 6664 [Note] InnoDB: Online DDL : Completed
2016-04-23 21:32:11 6664 [Note] InnoDB: Online DDL : Start
2016-04-23 21:32:11 6664 [Note] InnoDB: Online DDL : Start reading clustered index of the table and create temporary files
2016-04-23 21:32:11 6664 [Note] InnoDB: Online DDL : End of reading clustered index of the table and create temporary files
2016-04-23 21:32:11 6664 [Note] InnoDB: Online DDL : Start applying row log
2016-04-23 21:32:11 6664 [Note] InnoDB: Online DDL : End of applying row log
2016-04-23 21:32:11 6664 [Note] InnoDB: Online DDL : Completed
2016-04-23 21:32:12 6664 [Note] InnoDB: Online DDL : Start
2016-04-23 21:32:12 6664 [Note] InnoDB: Online DDL : Start reading clustered index of the table and create temporary files
2016-04-23 21:32:12 6664 [Note] InnoDB: Online DDL : End of reading clustered index of the table and create temporary files
2016-04-23 21:32:12 6664 [Note] InnoDB: Online DDL : Start applying row log
2016-04-23 21:32:12 6664 [Note] InnoDB: Online DDL : End of applying row log
2016-04-23 21:32:12 6664 [Note] InnoDB: Online DDL : Completed
2016-04-23 21:32:12 6664 [Note] InnoDB: Online DDL : Start
2016-04-23 21:32:12 6664 [Note] InnoDB: Online DDL : Start reading clustered index of the table and create temporary files
2016-04-23 21:32:12 6664 [Note] InnoDB: Online DDL : End of reading clustered index of the table and create temporary files
2016-04-23 21:32:12 6664 [Note] InnoDB: Online DDL : Start applying row log
2016-04-23 21:32:12 6664 [Note] InnoDB: Online DDL : End of applying row log
2016-04-23 21:32:12 6664 [Note] InnoDB: Online DDL : Completed
2016-04-23 21:32:12 6664 [Note] InnoDB: Online DDL : Start
2016-04-23 21:32:12 6664 [Note] InnoDB: Online DDL : Start reading clustered index of the table and create temporary files
2016-04-23 21:32:12 6664 [Note] InnoDB: Online DDL : End of reading clustered index of the table and create temporary files
2016-04-23 21:32:12 6664 [Note] InnoDB: Online DDL : Start applying row log
2016-04-23 21:32:12 6664 [Note] InnoDB: Online DDL : End of applying row log
2016-04-23 21:32:12 6664 [Note] InnoDB: Online DDL : Completed
2016-04-23 21:32:13 6664 [Note] InnoDB: Online DDL : Start
2016-04-23 21:32:13 6664 [Note] InnoDB: Online DDL : Start reading clustered index of the table and create temporary files
2016-04-23 21:32:13 6664 [Note] InnoDB: Online DDL : End of reading clustered index of the table and create temporary files
2016-04-23 21:32:13 6664 [Note] InnoDB: Online DDL : Start applying row log
2016-04-23 21:32:13 6664 [Note] InnoDB: Online DDL : End of applying row log
2016-04-23 21:32:13 6664 [Note] InnoDB: Online DDL : Completed
2016-04-23 21:32:13 6664 [Note] InnoDB: Online DDL : Start
2016-04-23 21:32:13 6664 [Note] InnoDB: Online DDL : Start reading clustered index of the table and create temporary files
2016-04-23 21:32:13 6664 [Note] InnoDB: Online DDL : End of reading clustered index of the table and create temporary files
2016-04-23 21:32:13 6664 [Note] InnoDB: Online DDL : Start applying row log
2016-04-23 21:32:13 6664 [Note] InnoDB: Online DDL : End of applying row log
2016-04-23 21:32:13 6664 [Note] InnoDB: Online DDL : Completed
2016-04-23 21:32:14 1300 [Note] InnoDB: Online DDL : Start
2016-04-23 21:32:14 1300 [Note] InnoDB: Online DDL : Start reading clustered index of the table and create temporary files
2016-04-23 21:32:14 1300 [Note] InnoDB: Online DDL : End of reading clustered index of the table and create temporary files
2016-04-23 21:32:14 1300 [Note] InnoDB: Online DDL : Start applying row log
2016-04-23 21:32:14 1300 [Note] InnoDB: Online DDL : End of applying row log
2016-04-23 21:32:14 1300 [Note] InnoDB: Online DDL : Completed
2016-04-23 21:32:15 1300 [Note] InnoDB: Online DDL : Start
2016-04-23 21:32:15 1300 [Note] InnoDB: Online DDL : Start reading clustered index of the table and create temporary files
2016-04-23 21:32:15 1300 [Note] InnoDB: Online DDL : End of reading clustered index of the table and create temporary files
2016-04-23 21:32:15 1300 [Note] InnoDB: Online DDL : Start applying row log
2016-04-23 21:32:15 1300 [Note] InnoDB: Online DDL : End of applying row log
2016-04-23 21:32:15 1300 [Note] InnoDB: Online DDL : Completed
2016-04-23 21:32:17 1300 [Note] InnoDB: Online DDL : Start
2016-04-23 21:32:17 1300 [Note] InnoDB: Online DDL : Start reading clustered index of the table and create temporary files
2016-04-23 21:32:17 1300 [Note] InnoDB: Online DDL : End of reading clustered index of the table and create temporary files
2016-04-23 21:32:17 1300 [Note] InnoDB: Online DDL : Start applying row log
2016-04-23 21:32:17 1300 [Note] InnoDB: Online DDL : End of applying row log
2016-04-23 21:32:17 1300 [Note] InnoDB: Online DDL : Completed
2016-04-23 21:32:17 1300 [Note] InnoDB: Online DDL : Start
2016-04-23 21:32:17 1300 [Note] InnoDB: Online DDL : Start reading clustered index of the table and create temporary files
2016-04-23 21:32:17 1300 [Note] InnoDB: Online DDL : End of reading clustered index of the table and create temporary files
2016-04-23 21:32:17 1300 [Note] InnoDB: Online DDL : Start applying row log
2016-04-23 21:32:17 1300 [Note] InnoDB: Online DDL : End of applying row log
2016-04-23 21:32:17 1300 [Note] InnoDB: Online DDL : Completed
2016-04-23 21:32:18 1300 [Note] InnoDB: Online DDL : Start
2016-04-23 21:32:18 1300 [Note] InnoDB: Online DDL : Start reading clustered index of the table and create temporary files
2016-04-23 21:32:18 1300 [Note] InnoDB: Online DDL : End of reading clustered index of the table and create temporary files
2016-04-23 21:32:18 1300 [Note] InnoDB: Online DDL : Start applying row log
2016-04-23 21:32:18 1300 [Note] InnoDB: Online DDL : End of applying row log
2016-04-23 21:32:18 1300 [Note] InnoDB: Online DDL : Completed
2016-04-23 21:32:18 1300 [Note] InnoDB: Online DDL : Start
2016-04-23 21:32:18 1300 [Note] InnoDB: Online DDL : Start reading clustered index of the table and create temporary files
2016-04-23 21:32:18 1300 [Note] InnoDB: Online DDL : End of reading clustered index of the table and create temporary files
2016-04-23 21:32:18 1300 [Note] InnoDB: Online DDL : Start applying row log
2016-04-23 21:32:19 1300 [Note] InnoDB: Online DDL : End of applying row log
2016-04-23 21:32:19 1300 [Note] InnoDB: Online DDL : Completed
2016-04-23 21:32:19 1300 [Note] InnoDB: Online DDL : Start
2016-04-23 21:32:19 1300 [Note] InnoDB: Online DDL : Start reading clustered index of the table and create temporary files
2016-04-23 21:32:19 1300 [Note] InnoDB: Online DDL : End of reading clustered index of the table and create temporary files
2016-04-23 21:32:19 1300 [Note] InnoDB: Online DDL : Start applying row log
2016-04-23 21:32:19 1300 [Note] InnoDB: Online DDL : End of applying row log
2016-04-23 21:32:19 1300 [Note] InnoDB: Online DDL : Completed
2016-04-23 21:32:19 1300 [Note] InnoDB: Online DDL : Start
2016-04-23 21:32:19 1300 [Note] InnoDB: Online DDL : Start reading clustered index of the table and create temporary files
2016-04-23 21:32:19 1300 [Note] InnoDB: Online DDL : End of reading clustered index of the table and create temporary files
2016-04-23 21:32:19 1300 [Note] InnoDB: Online DDL : Start applying row log
2016-04-23 21:32:19 1300 [Note] InnoDB: Online DDL : End of applying row log
2016-04-23 21:32:19 1300 [Note] InnoDB: Online DDL : Completed
2016-04-23 21:32:20 1300 [Note] InnoDB: Online DDL : Start
2016-04-23 21:32:20 1300 [Note] InnoDB: Online DDL : Start reading clustered index of the table and create temporary files
2016-04-23 21:32:20 1300 [Note] InnoDB: Online DDL : End of reading clustered index of the table and create temporary files
2016-04-23 21:32:20 1300 [Note] InnoDB: Online DDL : Start applying row log
2016-04-23 21:32:20 1300 [Note] InnoDB: Online DDL : End of applying row log
2016-04-23 21:32:20 1300 [Note] InnoDB: Online DDL : Completed
2016-04-23 21:32:20 1300 [Note] InnoDB: Online DDL : Start
2016-04-23 21:32:20 1300 [Note] InnoDB: Online DDL : Start reading clustered index of the table and create temporary files
2016-04-23 21:32:20 1300 [Note] InnoDB: Online DDL : End of reading clustered index of the table and create temporary files
2016-04-23 21:32:20 1300 [Note] InnoDB: Online DDL : Start applying row log
2016-04-23 21:32:20 1300 [Note] InnoDB: Online DDL : End of applying row log
2016-04-23 21:32:20 1300 [Note] InnoDB: Online DDL : Completed
2016-04-23 21:32:21 1300 [Note] InnoDB: Online DDL : Start
2016-04-23 21:32:21 1300 [Note] InnoDB: Online DDL : Start reading clustered index of the table and create temporary files
2016-04-23 21:32:21 1300 [Note] InnoDB: Online DDL : End of reading clustered index of the table and create temporary files
2016-04-23 21:32:21 1300 [Note] InnoDB: Online DDL : Start applying row log
2016-04-23 21:32:21 1300 [Note] InnoDB: Online DDL : End of applying row log
2016-04-23 21:32:21 1300 [Note] InnoDB: Online DDL : Completed
2016-04-23 21:32:21 1300 [Note] InnoDB: Online DDL : Start
2016-04-23 21:32:21 1300 [Note] InnoDB: Online DDL : Start reading clustered index of the table and create temporary files
2016-04-23 21:32:21 1300 [Note] InnoDB: Online DDL : End of reading clustered index of the table and create temporary files
2016-04-23 21:32:21 1300 [Note] InnoDB: Online DDL : Start applying row log
2016-04-23 21:32:21 1300 [Note] InnoDB: Online DDL : End of applying row log
2016-04-23 21:32:21 1300 [Note] InnoDB: Online DDL : Completed
2016-04-24 00:55:43 148c InnoDB: Warning: Using innodb_additional_mem_pool_size is DEPRECATED. This option may be removed in future releases, together with the option innodb_use_sys_malloc and with the InnoDB's internal memory allocator.
2016-04-24  0:55:43 5260 [Note] InnoDB: Using mutexes to ref count buffer pool pages
2016-04-24  0:55:43 5260 [Note] InnoDB: The InnoDB memory heap is disabled
2016-04-24  0:55:43 5260 [Note] InnoDB: Mutexes and rw_locks use Windows interlocked functions
2016-04-24  0:55:43 5260 [Note] InnoDB: Memory barrier is not used
2016-04-24  0:55:43 5260 [Note] InnoDB: Compressed tables use zlib 1.2.3
2016-04-24  0:55:43 5260 [Note] InnoDB: Using generic crc32 instructions
2016-04-24  0:55:43 5260 [Note] InnoDB: Initializing buffer pool, size = 16.0M
2016-04-24  0:55:43 5260 [Note] InnoDB: Completed initialization of buffer pool
2016-04-24  0:55:43 5260 [Note] InnoDB: Highest supported file format is Barracuda.
2016-04-24  0:55:43 5260 [Note] InnoDB: The log sequence numbers 1835037 and 1835037 in ibdata files do not match the log sequence number 5523584 in the ib_logfiles!
2016-04-24  0:55:43 5260 [Note] InnoDB: Database was not shutdown normally!
2016-04-24  0:55:43 5260 [Note] InnoDB: Starting crash recovery.
2016-04-24  0:55:43 5260 [Note] InnoDB: Reading tablespace information from the .ibd files...
2016-04-24  0:55:44 5260 [Note] InnoDB: Restoring possible half-written data pages 
2016-04-24  0:55:44 5260 [Note] InnoDB: from the doublewrite buffer...
2016-04-24  0:55:45 5260 [Note] InnoDB: 128 rollback segment(s) are active.
2016-04-24  0:55:45 5260 [Note] InnoDB: Waiting for purge to start
2016-04-24  0:55:45 5260 [Note] InnoDB:  Percona XtraDB (http://www.percona.com) 5.6.28-76.1 started; log sequence number 5523584
2016-04-24  0:55:45 2924 [Note] InnoDB: Dumping buffer pool(s) not yet started
2016-04-24  0:55:46 5260 [Note] Plugin 'FEEDBACK' is disabled.
2016-04-24  0:55:46 5260 [Note] Server socket created on IP: '::'.
2016-04-24  0:55:46 5260 [ERROR] mysqld.exe: Table '.\mysql\user' is marked as crashed and should be repaired
2016-04-24  0:55:46 5260 [Warning] Checking table:   '.\mysql\user'
2016-04-24  0:55:46 5260 [ERROR] mysql.user: 1 client is using or hasn't closed the table properly
2016-04-24  0:55:46 5260 [ERROR] mysqld.exe: Table '.\mysql\db' is marked as crashed and should be repaired
2016-04-24  0:55:46 5260 [Warning] Checking table:   '.\mysql\db'
2016-04-24  0:55:46 5260 [ERROR] mysql.db: 1 client is using or hasn't closed the table properly
2016-04-24  0:55:46 5260 [ERROR] mysqld.exe: Table '.\mysql\tables_priv' is marked as crashed and should be repaired
2016-04-24  0:55:46 5260 [Warning] Checking table:   '.\mysql\tables_priv'
2016-04-24  0:55:46 5260 [ERROR] mysql.tables_priv: 1 client is using or hasn't closed the table properly
2016-04-24  0:55:46 5260 [ERROR] mysqld.exe: Table '.\mysql\columns_priv' is marked as crashed and should be repaired
2016-04-24  0:55:46 5260 [Warning] Checking table:   '.\mysql\columns_priv'
2016-04-24  0:55:46 5260 [ERROR] mysql.columns_priv: 1 client is using or hasn't closed the table properly
2016-04-24  0:55:46 5260 [ERROR] mysqld.exe: Table '.\mysql\procs_priv' is marked as crashed and should be repaired
2016-04-24  0:55:46 5260 [Warning] Checking table:   '.\mysql\procs_priv'
2016-04-24  0:55:46 5260 [ERROR] mysql.procs_priv: 1 client is using or hasn't closed the table properly
2016-04-24  0:55:46 5260 [Note] c:\xampp\mysql\bin\mysqld.exe: ready for connections.
Version: '10.1.13-MariaDB'  socket: ''  port: 3306  mariadb.org binary distribution
2016-04-24  0:58:09 7604 [Note] c:\xampp\mysql\bin\mysqld.exe: Normal shutdown

2016-04-24  0:58:09 7604 [Note] Event Scheduler: Purging the queue. 0 events
2016-04-24  0:58:09 4288 [Note] InnoDB: FTS optimize thread exiting.
2016-04-24  0:58:09 7604 [Note] InnoDB: Starting shutdown...
2016-04-24  0:58:11 7604 [Note] InnoDB: Shutdown completed; log sequence number 5548482
2016-04-24  0:58:11 7604 [Note] c:\xampp\mysql\bin\mysqld.exe: Shutdown complete

2016-04-24 09:14:25 1ba0 InnoDB: Warning: Using innodb_additional_mem_pool_size is DEPRECATED. This option may be removed in future releases, together with the option innodb_use_sys_malloc and with the InnoDB's internal memory allocator.
2016-04-24  9:14:25 7072 [Note] InnoDB: Using mutexes to ref count buffer pool pages
2016-04-24  9:14:25 7072 [Note] InnoDB: The InnoDB memory heap is disabled
2016-04-24  9:14:25 7072 [Note] InnoDB: Mutexes and rw_locks use Windows interlocked functions
2016-04-24  9:14:25 7072 [Note] InnoDB: Memory barrier is not used
2016-04-24  9:14:25 7072 [Note] InnoDB: Compressed tables use zlib 1.2.3
2016-04-24  9:14:25 7072 [Note] InnoDB: Using generic crc32 instructions
2016-04-24  9:14:25 7072 [Note] InnoDB: Initializing buffer pool, size = 16.0M
2016-04-24  9:14:25 7072 [Note] InnoDB: Completed initialization of buffer pool
2016-04-24  9:14:25 7072 [Note] InnoDB: Highest supported file format is Barracuda.
2016-04-24  9:14:26 7072 [Note] InnoDB: 128 rollback segment(s) are active.
2016-04-24  9:14:26 7072 [Note] InnoDB: Waiting for purge to start
2016-04-24  9:14:26 7072 [Note] InnoDB:  Percona XtraDB (http://www.percona.com) 5.6.28-76.1 started; log sequence number 5548482
2016-04-24  9:14:26 5272 [Note] InnoDB: Dumping buffer pool(s) not yet started
2016-04-24  9:14:26 7072 [Note] Plugin 'FEEDBACK' is disabled.
2016-04-24  9:14:26 7072 [Note] Server socket created on IP: '::'.
2016-04-24  9:14:26 7072 [Note] c:\xampp\mysql\bin\mysqld.exe: ready for connections.
Version: '10.1.13-MariaDB'  socket: ''  port: 3306  mariadb.org binary distribution
2016-04-24 11:28:13 1ce8 InnoDB: Warning: Using innodb_additional_mem_pool_size is DEPRECATED. This option may be removed in future releases, together with the option innodb_use_sys_malloc and with the InnoDB's internal memory allocator.
2016-04-24 11:28:13 7400 [Note] InnoDB: Using mutexes to ref count buffer pool pages
2016-04-24 11:28:13 7400 [Note] InnoDB: The InnoDB memory heap is disabled
2016-04-24 11:28:13 7400 [Note] InnoDB: Mutexes and rw_locks use Windows interlocked functions
2016-04-24 11:28:13 7400 [Note] InnoDB: Memory barrier is not used
2016-04-24 11:28:13 7400 [Note] InnoDB: Compressed tables use zlib 1.2.3
2016-04-24 11:28:13 7400 [Note] InnoDB: Using generic crc32 instructions
2016-04-24 11:28:13 7400 [Note] InnoDB: Initializing buffer pool, size = 16.0M
2016-04-24 11:28:13 7400 [Note] InnoDB: Completed initialization of buffer pool
2016-04-24 11:28:13 7400 [Note] InnoDB: Highest supported file format is Barracuda.
2016-04-24 11:28:13 7400 [Note] InnoDB: The log sequence numbers 5548482 and 5548482 in ibdata files do not match the log sequence number 6133934 in the ib_logfiles!
2016-04-24 11:28:13 7400 [Note] InnoDB: Database was not shutdown normally!
2016-04-24 11:28:13 7400 [Note] InnoDB: Starting crash recovery.
2016-04-24 11:28:13 7400 [Note] InnoDB: Reading tablespace information from the .ibd files...
2016-04-24 11:28:13 7400 [Note] InnoDB: Restoring possible half-written data pages 
2016-04-24 11:28:13 7400 [Note] InnoDB: from the doublewrite buffer...
2016-04-24 11:28:25 7400 [Note] InnoDB: 128 rollback segment(s) are active.
2016-04-24 11:28:25 7400 [Note] InnoDB: Waiting for purge to start
2016-04-24 11:28:26 7400 [Note] InnoDB:  Percona XtraDB (http://www.percona.com) 5.6.28-76.1 started; log sequence number 6133934
2016-04-24 11:28:26 3596 [Note] InnoDB: Dumping buffer pool(s) not yet started
2016-04-24 11:28:26 7400 [Note] Plugin 'FEEDBACK' is disabled.
2016-04-24 11:28:26 7400 [Note] Server socket created on IP: '::'.
2016-04-24 11:28:26 7400 [ERROR] mysqld.exe: Table '.\mysql\db' is marked as crashed and should be repaired
2016-04-24 11:28:26 7400 [Warning] Checking table:   '.\mysql\db'
2016-04-24 11:28:26 7400 [ERROR] mysql.db: 1 client is using or hasn't closed the table properly
2016-04-24 11:28:26 7400 [ERROR] mysqld.exe: Table '.\mysql\tables_priv' is marked as crashed and should be repaired
2016-04-24 11:28:26 7400 [Warning] Checking table:   '.\mysql\tables_priv'
2016-04-24 11:28:26 7400 [ERROR] mysql.tables_priv: 1 client is using or hasn't closed the table properly
2016-04-24 11:28:26 7400 [ERROR] mysqld.exe: Table '.\mysql\columns_priv' is marked as crashed and should be repaired
2016-04-24 11:28:26 7400 [Warning] Checking table:   '.\mysql\columns_priv'
2016-04-24 11:28:26 7400 [ERROR] mysql.columns_priv: 1 client is using or hasn't closed the table properly
2016-04-24 11:28:26 7400 [ERROR] mysqld.exe: Table '.\mysql\procs_priv' is marked as crashed and should be repaired
2016-04-24 11:28:26 7400 [Warning] Checking table:   '.\mysql\procs_priv'
2016-04-24 11:28:26 7400 [ERROR] mysql.procs_priv: 1 client is using or hasn't closed the table properly
2016-04-24 11:28:27 7400 [Note] c:\xampp\mysql\bin\mysqld.exe: ready for connections.
Version: '10.1.13-MariaDB'  socket: ''  port: 3306  mariadb.org binary distribution
2016-04-24 13:00:23 f2c InnoDB: Warning: Using innodb_additional_mem_pool_size is DEPRECATED. This option may be removed in future releases, together with the option innodb_use_sys_malloc and with the InnoDB's internal memory allocator.
2016-04-24 13:00:23 3884 [Note] InnoDB: Using mutexes to ref count buffer pool pages
2016-04-24 13:00:23 3884 [Note] InnoDB: The InnoDB memory heap is disabled
2016-04-24 13:00:23 3884 [Note] InnoDB: Mutexes and rw_locks use Windows interlocked functions
2016-04-24 13:00:23 3884 [Note] InnoDB: Memory barrier is not used
2016-04-24 13:00:23 3884 [Note] InnoDB: Compressed tables use zlib 1.2.3
2016-04-24 13:00:23 3884 [Note] InnoDB: Using generic crc32 instructions
2016-04-24 13:00:23 3884 [Note] InnoDB: Initializing buffer pool, size = 16.0M
2016-04-24 13:00:23 3884 [Note] InnoDB: Completed initialization of buffer pool
2016-04-24 13:00:23 3884 [Note] InnoDB: Highest supported file format is Barracuda.
2016-04-24 13:00:23 3884 [Note] InnoDB: The log sequence numbers 5548482 and 5548482 in ibdata files do not match the log sequence number 6252975 in the ib_logfiles!
2016-04-24 13:00:23 3884 [Note] InnoDB: Database was not shutdown normally!
2016-04-24 13:00:23 3884 [Note] InnoDB: Starting crash recovery.
2016-04-24 13:00:23 3884 [Note] InnoDB: Reading tablespace information from the .ibd files...
2016-04-24 13:00:23 3884 [Note] InnoDB: Restoring possible half-written data pages 
2016-04-24 13:00:23 3884 [Note] InnoDB: from the doublewrite buffer...
2016-04-24 13:00:32 3884 [Note] InnoDB: 128 rollback segment(s) are active.
2016-04-24 13:00:32 3884 [Note] InnoDB: Waiting for purge to start
2016-04-24 13:00:32 3884 [Note] InnoDB:  Percona XtraDB (http://www.percona.com) 5.6.28-76.1 started; log sequence number 6252975
2016-04-24 13:00:32 1940 [Note] InnoDB: Dumping buffer pool(s) not yet started
2016-04-24 13:00:32 3884 [Note] Plugin 'FEEDBACK' is disabled.
2016-04-24 13:00:32 3884 [Note] Server socket created on IP: '::'.
2016-04-24 13:00:32 3884 [ERROR] mysqld.exe: Table '.\mysql\db' is marked as crashed and should be repaired
2016-04-24 13:00:32 3884 [Warning] Checking table:   '.\mysql\db'
2016-04-24 13:00:32 3884 [ERROR] mysql.db: 1 client is using or hasn't closed the table properly
2016-04-24 13:00:32 3884 [ERROR] mysqld.exe: Table '.\mysql\tables_priv' is marked as crashed and should be repaired
2016-04-24 13:00:32 3884 [Warning] Checking table:   '.\mysql\tables_priv'
2016-04-24 13:00:32 3884 [ERROR] mysql.tables_priv: 1 client is using or hasn't closed the table properly
2016-04-24 13:00:32 3884 [ERROR] mysqld.exe: Table '.\mysql\columns_priv' is marked as crashed and should be repaired
2016-04-24 13:00:32 3884 [Warning] Checking table:   '.\mysql\columns_priv'
2016-04-24 13:00:32 3884 [ERROR] mysql.columns_priv: 1 client is using or hasn't closed the table properly
2016-04-24 13:00:32 3884 [ERROR] mysqld.exe: Table '.\mysql\procs_priv' is marked as crashed and should be repaired
2016-04-24 13:00:32 3884 [Warning] Checking table:   '.\mysql\procs_priv'
2016-04-24 13:00:32 3884 [ERROR] mysql.procs_priv: 1 client is using or hasn't closed the table properly
2016-04-24 13:00:33 3884 [Note] c:\xampp\mysql\bin\mysqld.exe: ready for connections.
Version: '10.1.13-MariaDB'  socket: ''  port: 3306  mariadb.org binary distribution
2016-04-24 13:44:03 6544 [Note] c:\xampp\mysql\bin\mysqld.exe: Normal shutdown

2016-04-24 13:44:03 6544 [Note] Event Scheduler: Purging the queue. 0 events
2016-04-24 13:44:03 7240 [Note] InnoDB: FTS optimize thread exiting.
2016-04-24 13:44:03 6544 [Note] InnoDB: Starting shutdown...
2016-04-24 13:44:04 6544 [Note] InnoDB: Shutdown completed; log sequence number 6478558
2016-04-24 13:44:04 6544 [Note] c:\xampp\mysql\bin\mysqld.exe: Shutdown complete

2016-04-24 13:44:05 1170 InnoDB: Warning: Using innodb_additional_mem_pool_size is DEPRECATED. This option may be removed in future releases, together with the option innodb_use_sys_malloc and with the InnoDB's internal memory allocator.
2016-04-24 13:44:05 4464 [Note] InnoDB: Using mutexes to ref count buffer pool pages
2016-04-24 13:44:05 4464 [Note] InnoDB: The InnoDB memory heap is disabled
2016-04-24 13:44:05 4464 [Note] InnoDB: Mutexes and rw_locks use Windows interlocked functions
2016-04-24 13:44:05 4464 [Note] InnoDB: Memory barrier is not used
2016-04-24 13:44:05 4464 [Note] InnoDB: Compressed tables use zlib 1.2.3
2016-04-24 13:44:05 4464 [Note] InnoDB: Using generic crc32 instructions
2016-04-24 13:44:05 4464 [Note] InnoDB: Initializing buffer pool, size = 16.0M
2016-04-24 13:44:05 4464 [Note] InnoDB: Completed initialization of buffer pool
2016-04-24 13:44:05 4464 [Note] InnoDB: Highest supported file format is Barracuda.
2016-04-24 13:44:06 4464 [Note] InnoDB: 128 rollback segment(s) are active.
2016-04-24 13:44:06 4464 [Note] InnoDB: Waiting for purge to start
2016-04-24 13:44:06 4464 [Note] InnoDB:  Percona XtraDB (http://www.percona.com) 5.6.28-76.1 started; log sequence number 6478558
2016-04-24 13:44:06 6092 [Note] InnoDB: Dumping buffer pool(s) not yet started
2016-04-24 13:44:06 4464 [Note] Plugin 'FEEDBACK' is disabled.
2016-04-24 13:44:06 4464 [Note] Server socket created on IP: '::'.
2016-04-24 13:44:06 4464 [Note] c:\xampp\mysql\bin\mysqld.exe: ready for connections.
Version: '10.1.13-MariaDB'  socket: ''  port: 3306  mariadb.org binary distribution
2016-04-24 13:46:55 7528 [Note] InnoDB: Online DDL : Start
2016-04-24 13:46:55 7528 [Note] InnoDB: Online DDL : Start reading clustered index of the table and create temporary files
2016-04-24 13:46:55 7528 [Note] InnoDB: Online DDL : End of reading clustered index of the table and create temporary files
2016-04-24 13:46:55 7528 [Note] InnoDB: Online DDL : Completed
2016-04-24 14:08:21 4516 [Note] c:\xampp\mysql\bin\mysqld.exe: Normal shutdown

2016-04-24 14:08:21 4516 [Note] Event Scheduler: Purging the queue. 0 events
2016-04-24 14:08:21 4380 [Note] InnoDB: FTS optimize thread exiting.
2016-04-24 14:08:21 4516 [Note] InnoDB: Starting shutdown...
2016-04-24 14:08:22 4516 [Note] InnoDB: Shutdown completed; log sequence number 6523133
2016-04-24 14:08:22 4516 [Note] c:\xampp\mysql\bin\mysqld.exe: Shutdown complete

2016-04-24 14:08:26 364 InnoDB: Warning: Using innodb_additional_mem_pool_size is DEPRECATED. This option may be removed in future releases, together with the option innodb_use_sys_malloc and with the InnoDB's internal memory allocator.
2016-04-24 14:08:26 868 [Note] InnoDB: Using mutexes to ref count buffer pool pages
2016-04-24 14:08:26 868 [Note] InnoDB: The InnoDB memory heap is disabled
2016-04-24 14:08:26 868 [Note] InnoDB: Mutexes and rw_locks use Windows interlocked functions
2016-04-24 14:08:26 868 [Note] InnoDB: Memory barrier is not used
2016-04-24 14:08:26 868 [Note] InnoDB: Compressed tables use zlib 1.2.3
2016-04-24 14:08:26 868 [Note] InnoDB: Using generic crc32 instructions
2016-04-24 14:08:26 868 [Note] InnoDB: Initializing buffer pool, size = 16.0M
2016-04-24 14:08:26 868 [Note] InnoDB: Completed initialization of buffer pool
2016-04-24 14:08:26 868 [Note] InnoDB: Highest supported file format is Barracuda.
2016-04-24 14:08:26 868 [Note] InnoDB: 128 rollback segment(s) are active.
2016-04-24 14:08:26 868 [Note] InnoDB: Waiting for purge to start
2016-04-24 14:08:26 868 [Note] InnoDB:  Percona XtraDB (http://www.percona.com) 5.6.28-76.1 started; log sequence number 6523133
2016-04-24 14:08:26 6044 [Note] InnoDB: Dumping buffer pool(s) not yet started
2016-04-24 14:08:26 868 [Note] Plugin 'FEEDBACK' is disabled.
2016-04-24 14:08:26 868 [Note] Server socket created on IP: '::'.
2016-04-24 14:08:26 868 [Note] c:\xampp\mysql\bin\mysqld.exe: ready for connections.
Version: '10.1.13-MariaDB'  socket: ''  port: 3306  mariadb.org binary distribution
